d:\aica_sf\quarter14\portfolio\reel\games\collinsjustin_finalv4\collinsjustin_midtermproject\collinsjustin_midtermproject\debug\vc140.pdb
d:\aica_sf\quarter14\portfolio\reel\games\collinsjustin_finalv4\collinsjustin_midtermproject\collinsjustin_midtermproject\debug\vc140.idb
d:\aica_sf\quarter14\portfolio\reel\games\collinsjustin_finalv4\collinsjustin_midtermproject\collinsjustin_midtermproject\debug\animate.obj
d:\aica_sf\quarter14\portfolio\reel\games\collinsjustin_finalv4\collinsjustin_midtermproject\collinsjustin_midtermproject\debug\display.obj
d:\aica_sf\quarter14\portfolio\reel\games\collinsjustin_finalv4\collinsjustin_midtermproject\collinsjustin_midtermproject\debug\glm.obj
d:\aica_sf\quarter14\portfolio\reel\games\collinsjustin_finalv4\collinsjustin_midtermproject\collinsjustin_midtermproject\debug\init.obj
d:\aica_sf\quarter14\portfolio\reel\games\collinsjustin_finalv4\collinsjustin_midtermproject\collinsjustin_midtermproject\debug\keyboard.obj
d:\aica_sf\quarter14\portfolio\reel\games\collinsjustin_finalv4\collinsjustin_midtermproject\collinsjustin_midtermproject\debug\main.obj
d:\aica_sf\quarter14\portfolio\reel\games\collinsjustin_finalv4\collinsjustin_midtermproject\collinsjustin_midtermproject\debug\mysphere.obj
d:\aica_sf\quarter14\portfolio\reel\games\collinsjustin_finalv4\collinsjustin_midtermproject\collinsjustin_midtermproject\debug\planets.obj
d:\aica_sf\quarter14\portfolio\reel\games\collinsjustin_finalv4\collinsjustin_midtermproject\collinsjustin_midtermproject\debug\render_planet.obj
d:\aica_sf\quarter14\portfolio\reel\games\collinsjustin_finalv4\collinsjustin_midtermproject\collinsjustin_midtermproject\debug\reshape.obj
d:\aica_sf\quarter14\portfolio\reel\games\collinsjustin_finalv4\collinsjustin_midtermproject\collinsjustin_midtermproject\debug\image_dxt.obj
d:\aica_sf\quarter14\portfolio\reel\games\collinsjustin_finalv4\collinsjustin_midtermproject\collinsjustin_midtermproject\debug\image_helper.obj
d:\aica_sf\quarter14\portfolio\reel\games\collinsjustin_finalv4\collinsjustin_midtermproject\collinsjustin_midtermproject\debug\soil.obj
d:\aica_sf\quarter14\portfolio\reel\games\collinsjustin_finalv4\collinsjustin_midtermproject\collinsjustin_midtermproject\debug\stb_image_aug.obj
d:\aica_sf\quarter14\portfolio\reel\games\collinsjustin_finalv4\collinsjustin_midtermproject\debug\collinsjustin_midtermproject.ilk
d:\aica_sf\quarter14\portfolio\reel\games\collinsjustin_finalv4\collinsjustin_midtermproject\debug\collinsjustin_midtermproject.exe
d:\aica_sf\quarter14\portfolio\reel\games\collinsjustin_finalv4\collinsjustin_midtermproject\debug\collinsjustin_midtermproject.pdb
d:\aica_sf\quarter14\portfolio\reel\games\collinsjustin_finalv4\collinsjustin_midtermproject\collinsjustin_midtermproject\debug\collinsj.57eaeae6.tlog\cl.command.1.tlog
d:\aica_sf\quarter14\portfolio\reel\games\collinsjustin_finalv4\collinsjustin_midtermproject\collinsjustin_midtermproject\debug\collinsj.57eaeae6.tlog\cl.read.1.tlog
d:\aica_sf\quarter14\portfolio\reel\games\collinsjustin_finalv4\collinsjustin_midtermproject\collinsjustin_midtermproject\debug\collinsj.57eaeae6.tlog\cl.write.1.tlog
d:\aica_sf\quarter14\portfolio\reel\games\collinsjustin_finalv4\collinsjustin_midtermproject\collinsjustin_midtermproject\debug\collinsj.57eaeae6.tlog\link.command.1.tlog
d:\aica_sf\quarter14\portfolio\reel\games\collinsjustin_finalv4\collinsjustin_midtermproject\collinsjustin_midtermproject\debug\collinsj.57eaeae6.tlog\link.read.1.tlog
d:\aica_sf\quarter14\portfolio\reel\games\collinsjustin_finalv4\collinsjustin_midtermproject\collinsjustin_midtermproject\debug\collinsj.57eaeae6.tlog\link.write.1.tlog
